Copyright 1986-2016 Xilinx, Inc. All Rights Reserved.
-------------------------------------------------------------------------------------
| Tool Version : Vivado v.2016.2 (win64) Build 1577090 Thu Jun  2 16:32:40 MDT 2016
| Date         : Tue Jan 10 11:38:23 2017
| Host         : DESKTOP-VO6VFHC running 64-bit major release  (build 9200)
| Command      : report_control_sets -verbose -file XADCdemo_control_sets_placed.rpt
| Design       : XADCdemo
| Device       : xc7z010
-------------------------------------------------------------------------------------

Control Set Information

Table of Contents
-----------------
1. Summary
2. Flip-Flop Distribution
3. Detailed Control Set Information

1. Summary
----------

+----------------------------------------------------------+-------+
|                          Status                          | Count |
+----------------------------------------------------------+-------+
| Number of unique control sets                            |     6 |
| Unused register locations in slices containing registers |     6 |
+----------------------------------------------------------+-------+


2. Flip-Flop Distribution
-------------------------

+--------------+-----------------------+------------------------+-----------------+--------------+
| Clock Enable | Synchronous Set/Reset | Asynchronous Set/Reset | Total Registers | Total Slices |
+--------------+-----------------------+------------------------+-----------------+--------------+
| No           | No                    | No                     |               2 |            1 |
| No           | No                    | Yes                    |               0 |            0 |
| No           | Yes                   | No                     |              32 |            8 |
| Yes          | No                    | No                     |              32 |            8 |
| Yes          | No                    | Yes                    |               0 |            0 |
| Yes          | Yes                   | No                     |               0 |            0 |
+--------------+-----------------------+------------------------+-----------------+--------------+


3. Detailed Control Set Information
-----------------------------------

+----------------+---------------+------------------+------------------+----------------+
|  Clock Signal  | Enable Signal | Set/Reset Signal | Slice Load Count | Bel Load Count |
+----------------+---------------+------------------+------------------+----------------+
| ~lopt_1        |               |                  |                1 |              2 |
|  lopt_1        | data00        |                  |                2 |              8 |
|  lopt_1        | data10        |                  |                2 |              8 |
|  lopt_1        | data20        |                  |                2 |              8 |
|  lopt_1        | data30        |                  |                2 |              8 |
|  clk_IBUF_BUFG |               | clear            |                8 |             32 |
+----------------+---------------+------------------+------------------+----------------+


